<?xml version="1.0" encoding="UTF-8"?>
<testng-results skipped="2" failed="0" total="10" passed="8">
  <reporter-output>
  </reporter-output>
  <suite name="Suite B" duration-ms="759" started-at="2016-01-21T16:31:38Z" finished-at="2016-01-21T16:31:39Z">
    <groups>
    </groups>
    <test name="Test B1" duration-ms="337" started-at="2016-01-21T16:31:38Z" finished-at="2016-01-21T16:31:38Z">
      <class name="cartSuite.CheckProductDisplay">
        <test-method status="PASS" signature="checkTestcaseSkip()[pri:0, instance:cartSuite.CheckProductDisplay@49f66dc1]" name="checkTestcaseSkip" is-config="true" duration-ms="4" started-at="2016-01-21T22:01:38Z" finished-at="2016-01-21T22:01:38Z">
          <reporter-output>
          </reporter-output>
        </test-method> <!-- checkTestcaseSkip -->
        <test-method status="PASS" signature="testcaseB1(java.lang.String, java.lang.String, java.lang.String, java.lang.String)[pri:0, instance:cartSuite.CheckProductDisplay@49f66dc1]" name="testcaseB1" duration-ms="1" started-at="2016-01-21T22:01:38Z" data-provider="testDataTest" finished-at="2016-01-21T22:01:38Z">
          <params>
            <param index="0">
              <value>
                <![CDATA[Testdata1_B1_1]]>
              </value>
            </param>
            <param index="1">
              <value>
                <![CDATA[Testdata1_B1_2]]>
              </value>
            </param>
            <param index="2">
              <value>
                <![CDATA[Testdata1_B1_3]]>
              </value>
            </param>
            <param index="3">
              <value>
                <![CDATA[Testdata1_B1_4]]>
              </value>
            </param>
          </params>
          <reporter-output>
          </reporter-output>
        </test-method> <!-- testcaseB1 -->
        <test-method status="PASS" signature="reporterdataSetResult()[pri:0, instance:cartSuite.CheckProductDisplay@49f66dc1]" name="reporterdataSetResult" is-config="true" duration-ms="80" started-at="2016-01-21T22:01:38Z" finished-at="2016-01-21T22:01:38Z">
          <reporter-output>
          </reporter-output>
        </test-method> <!-- reporterdataSetResult -->
        <test-method status="SKIP" signature="testcaseB1(java.lang.String, java.lang.String, java.lang.String, java.lang.String)[pri:0, instance:cartSuite.CheckProductDisplay@49f66dc1]" name="testcaseB1" duration-ms="0" started-at="2016-01-21T22:01:38Z" data-provider="testDataTest" finished-at="2016-01-21T22:01:38Z">
          <params>
            <param index="0">
              <value>
                <![CDATA[Testdata2_B1_1]]>
              </value>
            </param>
            <param index="1">
              <value>
                <![CDATA[Testdata2_B1_2]]>
              </value>
            </param>
            <param index="2">
              <value>
                <![CDATA[Testdata2_B1_3]]>
              </value>
            </param>
            <param index="3">
              <value>
                <![CDATA[Testdata2_B1_4]]>
              </value>
            </param>
          </params>
          <exception class="org.testng.SkipException">
            <message>
              <![CDATA[TestcaseB1 Testdata row number 2 is skipped as runmode is set to N]]>
            </message>
            <full-stacktrace>
              <![CDATA[org.testng.SkipException: TestcaseB1 Testdata row number 2 is skipped as runmode is set to N
	at cartSuite.CheckProductDisplay.testcaseB1(TestcaseB1.java:27)
	at sun.reflect.NativeMethodAccessorImpl.invoke0(Native Method)
	at sun.reflect.NativeMethodAccessorImpl.invoke(Unknown Source)
	at sun.reflect.DelegatingMethodAccessorImpl.invoke(Unknown Source)
	at java.lang.reflect.Method.invoke(Unknown Source)
	at org.testng.internal.MethodInvocationHelper.invokeMethod(MethodInvocationHelper.java:84)
	at org.testng.internal.Invoker.invokeMethod(Invoker.java:714)
	at org.testng.internal.Invoker.invokeTestMethod(Invoker.java:901)
	at org.testng.internal.Invoker.invokeTestMethods(Invoker.java:1231)
	at org.testng.internal.TestMethodWorker.invokeTestMethods(TestMethodWorker.java:127)
	at org.testng.internal.TestMethodWorker.run(TestMethodWorker.java:111)
	at org.testng.TestRunner.privateRun(TestRunner.java:767)
	at org.testng.TestRunner.run(TestRunner.java:617)
	at org.testng.SuiteRunner.runTest(SuiteRunner.java:334)
	at org.testng.SuiteRunner.runSequentially(SuiteRunner.java:329)
	at org.testng.SuiteRunner.privateRun(SuiteRunner.java:291)
	at org.testng.SuiteRunner.run(SuiteRunner.java:240)
	at org.testng.SuiteRunnerWorker.runSuite(SuiteRunnerWorker.java:52)
	at org.testng.SuiteRunnerWorker.run(SuiteRunnerWorker.java:86)
	at org.testng.TestNG.runSuitesSequentially(TestNG.java:1224)
	at org.testng.TestNG.runSuitesSequentially(TestNG.java:1220)
	at org.testng.TestNG.runSuitesLocally(TestNG.java:1149)
	at org.testng.TestNG.run(TestNG.java:1057)
	at org.testng.TestNG.privateMain(TestNG.java:1364)
	at org.testng.TestNG.main(TestNG.java:1333)
]]>
            </full-stacktrace>
          </exception> <!-- org.testng.SkipException -->
          <reporter-output>
          </reporter-output>
        </test-method> <!-- testcaseB1 -->
        <test-method status="PASS" signature="reporterdataSetResult()[pri:0, instance:cartSuite.CheckProductDisplay@49f66dc1]" name="reporterdataSetResult" is-config="true" duration-ms="89" started-at="2016-01-21T22:01:38Z" finished-at="2016-01-21T22:01:38Z">
          <reporter-output>
          </reporter-output>
        </test-method> <!-- reporterdataSetResult -->
        <test-method status="PASS" signature="testcaseB1(java.lang.String, java.lang.String, java.lang.String, java.lang.String)[pri:0, instance:cartSuite.CheckProductDisplay@49f66dc1]" name="testcaseB1" duration-ms="1" started-at="2016-01-21T22:01:38Z" data-provider="testDataTest" finished-at="2016-01-21T22:01:38Z">
          <params>
            <param index="0">
              <value>
                <![CDATA[Testdata3_B1_1]]>
              </value>
            </param>
            <param index="1">
              <value>
                <![CDATA[Testdata3_B1_2]]>
              </value>
            </param>
            <param index="2">
              <value>
                <![CDATA[Testdata3_B1_3]]>
              </value>
            </param>
            <param index="3">
              <value>
                <![CDATA[Testdata3_B1_4]]>
              </value>
            </param>
          </params>
          <reporter-output>
          </reporter-output>
        </test-method> <!-- testcaseB1 -->
        <test-method status="PASS" signature="reporterdataSetResult()[pri:0, instance:cartSuite.CheckProductDisplay@49f66dc1]" name="reporterdataSetResult" is-config="true" duration-ms="69" started-at="2016-01-21T22:01:38Z" finished-at="2016-01-21T22:01:38Z">
          <reporter-output>
          </reporter-output>
        </test-method> <!-- reporterdataSetResult -->
        <test-method status="PASS" signature="reportTestcaseResult()[pri:0, instance:cartSuite.CheckProductDisplay@49f66dc1]" name="reportTestcaseResult" is-config="true" duration-ms="88" started-at="2016-01-21T22:01:38Z" finished-at="2016-01-21T22:01:38Z">
          <reporter-output>
          </reporter-output>
        </test-method> <!-- reportTestcaseResult -->
      </class> <!-- cartSuite.CheckProductDisplay -->
    </test> <!-- Test B1 -->
    <test name="Test B2" duration-ms="364" started-at="2016-01-21T16:31:38Z" finished-at="2016-01-21T16:31:39Z">
      <class name="cartSuite.AddProductTest">
        <test-method status="PASS" signature="checkSuiteSkipTest()[pri:0, instance:cartSuite.AddProductTest@423798e2]" name="checkSuiteSkipTest" is-config="true" duration-ms="0" started-at="2016-01-21T22:01:38Z" finished-at="2016-01-21T22:01:38Z">
          <reporter-output>
          </reporter-output>
        </test-method> <!-- checkSuiteSkipTest -->
        <test-method status="PASS" signature="checkTestcaseSkip()[pri:0, instance:cartSuite.AddProductTest@423798e2]" name="checkTestcaseSkip" is-config="true" duration-ms="3" started-at="2016-01-21T22:01:38Z" finished-at="2016-01-21T22:01:38Z">
          <reporter-output>
          </reporter-output>
        </test-method> <!-- checkTestcaseSkip -->
        <test-method status="PASS" signature="testcaseB2(java.lang.String, java.lang.String, java.lang.String, java.lang.String)[pri:0, instance:cartSuite.AddProductTest@423798e2]" name="testcaseB2" duration-ms="1" started-at="2016-01-21T22:01:38Z" data-provider="testDataTest" finished-at="2016-01-21T22:01:38Z">
          <params>
            <param index="0">
              <value>
                <![CDATA[Testdata1_B2_1]]>
              </value>
            </param>
            <param index="1">
              <value>
                <![CDATA[Testdata1_B2_2]]>
              </value>
            </param>
            <param index="2">
              <value>
                <![CDATA[Testdata1_B2_3]]>
              </value>
            </param>
            <param index="3">
              <value>
                <![CDATA[Testdata1_B2_4]]>
              </value>
            </param>
          </params>
          <reporter-output>
          </reporter-output>
        </test-method> <!-- testcaseB2 -->
        <test-method status="PASS" signature="reporterdataSetResult()[pri:0, instance:cartSuite.AddProductTest@423798e2]" name="reporterdataSetResult" is-config="true" duration-ms="66" started-at="2016-01-21T22:01:38Z" finished-at="2016-01-21T22:01:38Z">
          <reporter-output>
          </reporter-output>
        </test-method> <!-- reporterdataSetResult -->
        <test-method status="PASS" signature="reporterdataSetResult()[pri:0, instance:cartSuite.AddProductTest@423798e2]" name="reporterdataSetResult" is-config="true" duration-ms="92" started-at="2016-01-21T22:01:38Z" finished-at="2016-01-21T22:01:39Z">
          <reporter-output>
          </reporter-output>
        </test-method> <!-- reporterdataSetResult -->
        <test-method status="SKIP" signature="testcaseB2(java.lang.String, java.lang.String, java.lang.String, java.lang.String)[pri:0, instance:cartSuite.AddProductTest@423798e2]" name="testcaseB2" duration-ms="0" started-at="2016-01-21T22:01:38Z" data-provider="testDataTest" finished-at="2016-01-21T22:01:38Z">
          <params>
            <param index="0">
              <value>
                <![CDATA[Testdata2_B2_1]]>
              </value>
            </param>
            <param index="1">
              <value>
                <![CDATA[Testdata2_B2_2]]>
              </value>
            </param>
            <param index="2">
              <value>
                <![CDATA[Testdata2_B2_3]]>
              </value>
            </param>
            <param index="3">
              <value>
                <![CDATA[Testdata2_B2_4]]>
              </value>
            </param>
          </params>
          <exception class="org.testng.SkipException">
            <message>
              <![CDATA[TestcaseB2 Testdata row number 2 is skipped as runmode is set to N]]>
            </message>
            <full-stacktrace>
              <![CDATA[org.testng.SkipException: TestcaseB2 Testdata row number 2 is skipped as runmode is set to N
	at cartSuite.AddProductTest.testcaseB2(TestcaseB2.java:28)
	at sun.reflect.NativeMethodAccessorImpl.invoke0(Native Method)
	at sun.reflect.NativeMethodAccessorImpl.invoke(Unknown Source)
	at sun.reflect.DelegatingMethodAccessorImpl.invoke(Unknown Source)
	at java.lang.reflect.Method.invoke(Unknown Source)
	at org.testng.internal.MethodInvocationHelper.invokeMethod(MethodInvocationHelper.java:84)
	at org.testng.internal.Invoker.invokeMethod(Invoker.java:714)
	at org.testng.internal.Invoker.invokeTestMethod(Invoker.java:901)
	at org.testng.internal.Invoker.invokeTestMethods(Invoker.java:1231)
	at org.testng.internal.TestMethodWorker.invokeTestMethods(TestMethodWorker.java:127)
	at org.testng.internal.TestMethodWorker.run(TestMethodWorker.java:111)
	at org.testng.TestRunner.privateRun(TestRunner.java:767)
	at org.testng.TestRunner.run(TestRunner.java:617)
	at org.testng.SuiteRunner.runTest(SuiteRunner.java:334)
	at org.testng.SuiteRunner.runSequentially(SuiteRunner.java:329)
	at org.testng.SuiteRunner.privateRun(SuiteRunner.java:291)
	at org.testng.SuiteRunner.run(SuiteRunner.java:240)
	at org.testng.SuiteRunnerWorker.runSuite(SuiteRunnerWorker.java:52)
	at org.testng.SuiteRunnerWorker.run(SuiteRunnerWorker.java:86)
	at org.testng.TestNG.runSuitesSequentially(TestNG.java:1224)
	at org.testng.TestNG.runSuitesSequentially(TestNG.java:1220)
	at org.testng.TestNG.runSuitesLocally(TestNG.java:1149)
	at org.testng.TestNG.run(TestNG.java:1057)
	at org.testng.TestNG.privateMain(TestNG.java:1364)
	at org.testng.TestNG.main(TestNG.java:1333)
]]>
            </full-stacktrace>
          </exception> <!-- org.testng.SkipException -->
          <reporter-output>
          </reporter-output>
        </test-method> <!-- testcaseB2 -->
        <test-method status="PASS" signature="testcaseB2(java.lang.String, java.lang.String, java.lang.String, java.lang.String)[pri:0, instance:cartSuite.AddProductTest@423798e2]" name="testcaseB2" duration-ms="1" started-at="2016-01-21T22:01:39Z" data-provider="testDataTest" finished-at="2016-01-21T22:01:39Z">
          <params>
            <param index="0">
              <value>
                <![CDATA[Testdata3_B2_1]]>
              </value>
            </param>
            <param index="1">
              <value>
                <![CDATA[Testdata3_B2_2]]>
              </value>
            </param>
            <param index="2">
              <value>
                <![CDATA[Testdata3_B2_3]]>
              </value>
            </param>
            <param index="3">
              <value>
                <![CDATA[Testdata3_B2_4]]>
              </value>
            </param>
          </params>
          <reporter-output>
          </reporter-output>
        </test-method> <!-- testcaseB2 -->
        <test-method status="PASS" signature="reporterdataSetResult()[pri:0, instance:cartSuite.AddProductTest@423798e2]" name="reporterdataSetResult" is-config="true" duration-ms="97" started-at="2016-01-21T22:01:39Z" finished-at="2016-01-21T22:01:39Z">
          <reporter-output>
          </reporter-output>
        </test-method> <!-- reporterdataSetResult -->
        <test-method status="PASS" signature="reportTestcaseResult()[pri:0, instance:cartSuite.AddProductTest@423798e2]" name="reportTestcaseResult" is-config="true" duration-ms="101" started-at="2016-01-21T22:01:39Z" finished-at="2016-01-21T22:01:39Z">
          <reporter-output>
          </reporter-output>
        </test-method> <!-- reportTestcaseResult -->
      </class> <!-- cartSuite.AddProductTest -->
    </test> <!-- Test B2 -->
  </suite> <!-- Suite B -->
  <suite name="Suite A" duration-ms="2215" started-at="2016-01-21T16:31:36Z" finished-at="2016-01-21T16:31:38Z">
    <groups>
    </groups>
    <test name="Test A1" duration-ms="1803" started-at="2016-01-21T16:31:36Z" finished-at="2016-01-21T16:31:38Z">
      <class name="shopSuite.AddProductTest">
        <test-method status="PASS" signature="checkTestcaseSkip()[pri:0, instance:shopSuite.AddProductTest@2b7f6b6d]" name="checkTestcaseSkip" is-config="true" duration-ms="8" started-at="2016-01-21T22:01:36Z" finished-at="2016-01-21T22:01:36Z">
          <reporter-output>
          </reporter-output>
        </test-method> <!-- checkTestcaseSkip -->
        <test-method status="PASS" signature="testcaseA1(java.lang.String, java.lang.String, java.lang.String, java.lang.String)[pri:0, instance:shopSuite.AddProductTest@2b7f6b6d]" name="testcaseA1" duration-ms="4" started-at="2016-01-21T22:01:36Z" data-provider="testDataTest" finished-at="2016-01-21T22:01:36Z">
          <params>
            <param index="0">
              <value>
                <![CDATA[Testdata1_A1_1]]>
              </value>
            </param>
            <param index="1">
              <value>
                <![CDATA[Testdata1_A1_2]]>
              </value>
            </param>
            <param index="2">
              <value>
                <![CDATA[Testdata1_A1_3]]>
              </value>
            </param>
            <param index="3">
              <value>
                <![CDATA[Testdata1_A1_4]]>
              </value>
            </param>
          </params>
          <reporter-output>
          </reporter-output>
        </test-method> <!-- testcaseA1 -->
        <test-method status="PASS" signature="reporterdataSetResult()[pri:0, instance:shopSuite.AddProductTest@2b7f6b6d]" name="reporterdataSetResult" is-config="true" duration-ms="1498" started-at="2016-01-21T22:01:36Z" finished-at="2016-01-21T22:01:37Z">
          <reporter-output>
          </reporter-output>
        </test-method> <!-- reporterdataSetResult -->
        <test-method status="PASS" signature="testcaseA1(java.lang.String, java.lang.String, java.lang.String, java.lang.String)[pri:0, instance:shopSuite.AddProductTest@2b7f6b6d]" name="testcaseA1" duration-ms="1" started-at="2016-01-21T22:01:37Z" data-provider="testDataTest" finished-at="2016-01-21T22:01:37Z">
          <params>
            <param index="0">
              <value>
                <![CDATA[Testdata2_A1_1]]>
              </value>
            </param>
            <param index="1">
              <value>
                <![CDATA[Testdata2_A1_2]]>
              </value>
            </param>
            <param index="2">
              <value>
                <![CDATA[Testdata2_A1_3]]>
              </value>
            </param>
            <param index="3">
              <value>
                <![CDATA[Testdata2_A1_4]]>
              </value>
            </param>
          </params>
          <reporter-output>
          </reporter-output>
        </test-method> <!-- testcaseA1 -->
        <test-method status="PASS" signature="reporterdataSetResult()[pri:0, instance:shopSuite.AddProductTest@2b7f6b6d]" name="reporterdataSetResult" is-config="true" duration-ms="96" started-at="2016-01-21T22:01:37Z" finished-at="2016-01-21T22:01:37Z">
          <reporter-output>
          </reporter-output>
        </test-method> <!-- reporterdataSetResult -->
        <test-method status="PASS" signature="testcaseA1(java.lang.String, java.lang.String, java.lang.String, java.lang.String)[pri:0, instance:shopSuite.AddProductTest@2b7f6b6d]" name="testcaseA1" duration-ms="1" started-at="2016-01-21T22:01:37Z" data-provider="testDataTest" finished-at="2016-01-21T22:01:37Z">
          <params>
            <param index="0">
              <value>
                <![CDATA[Testdata3_A1_1]]>
              </value>
            </param>
            <param index="1">
              <value>
                <![CDATA[Testdata3_A1_2]]>
              </value>
            </param>
            <param index="2">
              <value>
                <![CDATA[Testdata3_A1_3]]>
              </value>
            </param>
            <param index="3">
              <value>
                <![CDATA[Testdata3_A1_4]]>
              </value>
            </param>
          </params>
          <reporter-output>
          </reporter-output>
        </test-method> <!-- testcaseA1 -->
        <test-method status="PASS" signature="reporterdataSetResult()[pri:0, instance:shopSuite.AddProductTest@2b7f6b6d]" name="reporterdataSetResult" is-config="true" duration-ms="62" started-at="2016-01-21T22:01:37Z" finished-at="2016-01-21T22:01:37Z">
          <reporter-output>
          </reporter-output>
        </test-method> <!-- reporterdataSetResult -->
        <test-method status="PASS" signature="reportTestcaseResult()[pri:0, instance:shopSuite.AddProductTest@2b7f6b6d]" name="reportTestcaseResult" is-config="true" duration-ms="69" started-at="2016-01-21T22:01:37Z" finished-at="2016-01-21T22:01:38Z">
          <reporter-output>
          </reporter-output>
        </test-method> <!-- reportTestcaseResult -->
      </class> <!-- shopSuite.AddProductTest -->
    </test> <!-- Test A1 -->
    <test name="Test A2" duration-ms="5" started-at="2016-01-21T16:31:38Z" finished-at="2016-01-21T16:31:38Z">
      <class name="shopSuite.CheckProductDisplay">
        <test-method status="PASS" signature="checkSuiteSkipTest()[pri:0, instance:shopSuite.CheckProductDisplay@22445efe]" name="checkSuiteSkipTest" is-config="true" duration-ms="2386" started-at="2016-01-21T22:01:33Z" finished-at="2016-01-21T22:01:36Z">
          <reporter-output>
          </reporter-output>
        </test-method> <!-- checkSuiteSkipTest -->
        <test-method status="PASS" signature="checkTestcaseSkip()[pri:0, instance:shopSuite.CheckProductDisplay@22445efe]" name="checkTestcaseSkip" is-config="true" duration-ms="3" started-at="2016-01-21T22:01:38Z" finished-at="2016-01-21T22:01:38Z">
          <reporter-output>
          </reporter-output>
        </test-method> <!-- checkTestcaseSkip -->
        <test-method status="PASS" signature="testcaseA2()[pri:0, instance:shopSuite.CheckProductDisplay@22445efe]" name="testcaseA2" duration-ms="1" started-at="2016-01-21T22:01:38Z" finished-at="2016-01-21T22:01:38Z">
          <reporter-output>
          </reporter-output>
        </test-method> <!-- testcaseA2 -->
      </class> <!-- shopSuite.CheckProductDisplay -->
    </test> <!-- Test A2 -->
  </suite> <!-- Suite A -->
  <suite name="My practice Suite" duration-ms="0" started-at="2016-01-21T16:31:39Z" finished-at="2016-01-21T16:31:39Z">
    <groups>
    </groups>
  </suite> <!-- My practice Suite -->
</testng-results>
